C:\Program Files\Microsoft Visual Studio\2022\Community\MSBuild\Microsoft\VC\v170\Microsoft.CppBuild.targets(1098,5): warning MSB8027: Two or more files with the name of window.c will produce outputs to the same location. This can lead to an incorrect build result.  The files involved are vendor\GLFW\src\window.c, vendor\GLFW\tests\window.c.
  Application.cpp
C:\dev\C++\Hazel\Hazel\src\Hazel\Application.cpp(1,10): fatal error C1083: Cannot open include file: 'hzpch.h': No such file or directory
  Log.cpp
C:\dev\C++\Hazel\Hazel\src\Hazel\Log.cpp(1,10): fatal error C1083: Cannot open include file: 'hzpch.h': No such file or directory
  hzpch.cpp
C:\dev\C++\Hazel\Hazel\src\Hazel\Core.h(10,1): fatal error C1189: #error:  Hazel only support Windows!
  WindowsWindow.cpp
C:\dev\C++\Hazel\Hazel\src\Platform\Windows\WindowsWindow.cpp(1,10): fatal error C1083: Cannot open include file: 'hzpch.h': No such file or directory
  async_bench.cpp
C:\dev\C++\Hazel\Hazel\vendor\spdlog\bench\async_bench.cpp(9,10): fatal error C1083: Cannot open include file: 'spdlog/spdlog.h': No such file or directory
  bench.cpp
C:\dev\C++\Hazel\Hazel\vendor\spdlog\bench\bench.cpp(9,10): fatal error C1083: Cannot open include file: 'spdlog/spdlog.h': No such file or directory
  formatter-bench.cpp
C:\dev\C++\Hazel\Hazel\vendor\spdlog\bench\formatter-bench.cpp(6,10): fatal error C1083: Cannot open include file: 'benchmark/benchmark.h': No such file or directory
  latency.cpp
C:\dev\C++\Hazel\Hazel\vendor\spdlog\bench\latency.cpp(10,10): fatal error C1083: Cannot open include file: 'benchmark/benchmark.h': No such file or directory
  example.cpp
C:\dev\C++\Hazel\Hazel\vendor\spdlog\example\example.cpp(29,10): fatal error C1083: Cannot open include file: 'spdlog/spdlog.h': No such file or directory
  async.cpp
C:\dev\C++\Hazel\Hazel\vendor\spdlog\src\async.cpp(5,1): fatal error C1189: #error:  Please define SPDLOG_COMPILED_LIB to compile this file.
  cfg.cpp
C:\dev\C++\Hazel\Hazel\vendor\spdlog\src\cfg.cpp(5,1): fatal error C1189: #error:  Please define SPDLOG_COMPILED_LIB to compile this file.
  color_sinks.cpp
C:\dev\C++\Hazel\Hazel\vendor\spdlog\src\color_sinks.cpp(5,1): fatal error C1189: #error:  Please define SPDLOG_COMPILED_LIB to compile this file.
  file_sinks.cpp
C:\dev\C++\Hazel\Hazel\vendor\spdlog\src\file_sinks.cpp(5,1): fatal error C1189: #error:  Please define SPDLOG_COMPILED_LIB to compile this file.
  fmt.cpp
C:\dev\C++\Hazel\Hazel\vendor\spdlog\src\fmt.cpp(6,1): fatal error C1189: #error:  Please define SPDLOG_COMPILED_LIB to compile this file.
  spdlog.cpp
C:\dev\C++\Hazel\Hazel\vendor\spdlog\src\spdlog.cpp(5,1): fatal error C1189: #error:  Please define SPDLOG_COMPILED_LIB to compile this file.
  stdout_sinks.cpp
C:\dev\C++\Hazel\Hazel\vendor\spdlog\src\stdout_sinks.cpp(5,1): fatal error C1189: #error:  Please define SPDLOG_COMPILED_LIB to compile this file.
  main.cpp
  test_async.cpp
C:\dev\C++\Hazel\Hazel\vendor\spdlog\tests\includes.h(18,10): fatal error C1083: Cannot open include file: 'spdlog/spdlog.h': No such file or directory
  test_backtrace.cpp
C:\dev\C++\Hazel\Hazel\vendor\spdlog\tests\includes.h(18,10): fatal error C1083: Cannot open include file: 'spdlog/spdlog.h': No such file or directory
  test_cfg.cpp
C:\dev\C++\Hazel\Hazel\vendor\spdlog\tests\includes.h(18,10): fatal error C1083: Cannot open include file: 'spdlog/spdlog.h': No such file or directory
  Generating Code...
  Compiling...
  test_create_dir.cpp
C:\dev\C++\Hazel\Hazel\vendor\spdlog\tests\includes.h(18,10): fatal error C1083: Cannot open include file: 'spdlog/spdlog.h': No such file or directory
  test_daily_logger.cpp
C:\dev\C++\Hazel\Hazel\vendor\spdlog\tests\includes.h(18,10): fatal error C1083: Cannot open include file: 'spdlog/spdlog.h': No such file or directory
  test_dup_filter.cpp
C:\dev\C++\Hazel\Hazel\vendor\spdlog\tests\includes.h(18,10): fatal error C1083: Cannot open include file: 'spdlog/spdlog.h': No such file or directory
  test_errors.cpp
C:\dev\C++\Hazel\Hazel\vendor\spdlog\tests\includes.h(18,10): fatal error C1083: Cannot open include file: 'spdlog/spdlog.h': No such file or directory
  test_eventlog.cpp
C:\dev\C++\Hazel\Hazel\vendor\spdlog\tests\includes.h(18,10): fatal error C1083: Cannot open include file: 'spdlog/spdlog.h': No such file or directory
  test_file_helper.cpp
C:\dev\C++\Hazel\Hazel\vendor\spdlog\tests\includes.h(18,10): fatal error C1083: Cannot open include file: 'spdlog/spdlog.h': No such file or directory
  test_file_logging.cpp
C:\dev\C++\Hazel\Hazel\vendor\spdlog\tests\includes.h(18,10): fatal error C1083: Cannot open include file: 'spdlog/spdlog.h': No such file or directory
  test_fmt_helper.cpp
C:\dev\C++\Hazel\Hazel\vendor\spdlog\tests\includes.h(18,10): fatal error C1083: Cannot open include file: 'spdlog/spdlog.h': No such file or directory
  test_macros.cpp
C:\dev\C++\Hazel\Hazel\vendor\spdlog\tests\includes.h(18,10): fatal error C1083: Cannot open include file: 'spdlog/spdlog.h': No such file or directory
  test_misc.cpp
C:\dev\C++\Hazel\Hazel\vendor\spdlog\tests\includes.h(18,10): fatal error C1083: Cannot open include file: 'spdlog/spdlog.h': No such file or directory
  test_mpmc_q.cpp
C:\dev\C++\Hazel\Hazel\vendor\spdlog\tests\includes.h(18,10): fatal error C1083: Cannot open include file: 'spdlog/spdlog.h': No such file or directory
  test_pattern_formatter.cpp
C:\dev\C++\Hazel\Hazel\vendor\spdlog\tests\includes.h(18,10): fatal error C1083: Cannot open include file: 'spdlog/spdlog.h': No such file or directory
  test_registry.cpp
C:\dev\C++\Hazel\Hazel\vendor\spdlog\tests\includes.h(18,10): fatal error C1083: Cannot open include file: 'spdlog/spdlog.h': No such file or directory
  test_stdout_api.cpp
C:\dev\C++\Hazel\Hazel\vendor\spdlog\tests\includes.h(18,10): fatal error C1083: Cannot open include file: 'spdlog/spdlog.h': No such file or directory
  test_stopwatch.cpp
C:\dev\C++\Hazel\Hazel\vendor\spdlog\tests\includes.h(18,10): fatal error C1083: Cannot open include file: 'spdlog/spdlog.h': No such file or directory
  test_systemd.cpp
C:\dev\C++\Hazel\Hazel\vendor\spdlog\tests\includes.h(18,10): fatal error C1083: Cannot open include file: 'spdlog/spdlog.h': No such file or directory
  test_time_point.cpp
C:\dev\C++\Hazel\Hazel\vendor\spdlog\tests\includes.h(18,10): fatal error C1083: Cannot open include file: 'spdlog/spdlog.h': No such file or directory
  utils.cpp
C:\dev\C++\Hazel\Hazel\vendor\spdlog\tests\includes.h(18,10): fatal error C1083: Cannot open include file: 'spdlog/spdlog.h': No such file or directory
  Generating Code...
